2022-11-17 14:56:27.750376Z	info	statReport	monitor/stat_monitor.go:553	37F413E5-AFA2-43D4-B45B-0360D2E03FCB, discover not ready, sleep 1s to wait discover ready to report config
2022-11-17 14:56:27.754663Z	info	statReport	monitor/stat_monitor.go:553	18BD5C54-79E7-45B9-8850-0E499C49555E, discover not ready, sleep 1s to wait discover ready to report config
2022-11-19 17:28:07.434519Z	info	statReport	monitor/stat_monitor.go:553	EA0CB18C-AE8D-4E93-A046-5DADD095DC4D, discover not ready, sleep 1s to wait discover ready to report config
2022-11-19 17:28:07.444164Z	info	statReport	monitor/stat_monitor.go:553	1AAF34EE-AC26-4613-B53E-F579EF31E385, discover not ready, sleep 1s to wait discover ready to report config
2023-02-07 18:27:02.623348Z	info	statReport	monitor/stat_monitor.go:553	7C0FC43F-C47E-417B-AEA2-B45CAAD57772, discover not ready, sleep 1s to wait discover ready to report config
2023-02-07 18:27:02.627066Z	info	statReport	monitor/stat_monitor.go:553	70204D40-2F8E-41FA-8157-1B97E3BCC7BB, discover not ready, sleep 1s to wait discover ready to report config
2023-02-07 19:10:44.941795Z	info	statReport	monitor/stat_monitor.go:553	9E4D61D4-C71A-4FDE-BF31-9CE0100897B7, discover not ready, sleep 1s to wait discover ready to report config
2023-02-07 19:10:44.945833Z	info	statReport	monitor/stat_monitor.go:553	17848CD4-1566-460F-A61A-C223C91ADBA8, discover not ready, sleep 1s to wait discover ready to report config
2023-02-07 19:11:40.847368Z	info	statReport	monitor/stat_monitor.go:553	7D1D0A5E-9A99-492B-9224-18843E8B6881, discover not ready, sleep 1s to wait discover ready to report config
2023-02-07 19:11:40.850646Z	info	statReport	monitor/stat_monitor.go:553	3DD78B7D-E001-42E1-B277-A719E7105844, discover not ready, sleep 1s to wait discover ready to report config
2023-02-17 12:09:06.687428Z	info	statReport	monitor/stat_monitor.go:553	C897FD3C-2846-476F-9C51-2735E5764AD9, discover not ready, sleep 1s to wait discover ready to report config
2023-02-17 12:09:06.692364Z	info	statReport	monitor/stat_monitor.go:553	78522108-FAE0-46FA-AB0B-8A16A85B5770, discover not ready, sleep 1s to wait discover ready to report config
2023-02-17 20:38:15.974986Z	info	statReport	monitor/stat_monitor.go:553	68E4FC46-488C-4FDC-9666-11442D2DED04, discover not ready, sleep 1s to wait discover ready to report config
2023-02-17 20:38:15.979327Z	info	statReport	monitor/stat_monitor.go:553	2EBEB8E3-E55A-4412-B5AE-185AE5171B5B, discover not ready, sleep 1s to wait discover ready to report config
2023-02-20 12:02:17.543209Z	info	statReport	monitor/stat_monitor.go:553	DAC47C63-BEFC-4B83-9F48-C6D97637BC10, discover not ready, sleep 1s to wait discover ready to report config
2023-02-20 12:02:17.548032Z	info	statReport	monitor/stat_monitor.go:553	3B187087-AA64-4903-8D70-8CFB9DBED7ED, discover not ready, sleep 1s to wait discover ready to report config
2023-04-14 17:50:21.587789Z	info	statReport	monitor/stat_monitor.go:553	351E4C06-2CE7-4493-A918-87B1427B5F59, discover not ready, sleep 1s to wait discover ready to report config
2023-04-26 12:02:55.556127Z	info	statReport	monitor/stat_monitor.go:553	0062B681-44D3-40F5-B836-9C78513D4DEF, discover not ready, sleep 1s to wait discover ready to report config
2023-04-26 12:03:17.962561Z	info	statReport	monitor/stat_monitor.go:553	FD47FC40-4B25-428D-846E-FACF3817FAB9, discover not ready, sleep 1s to wait discover ready to report config
2023-04-26 12:03:17.966621Z	info	statReport	monitor/stat_monitor.go:553	DFDAFD09-0471-4673-8D17-4C33BD094007, discover not ready, sleep 1s to wait discover ready to report config
2023-04-26 14:18:16.958414Z	info	statReport	monitor/stat_monitor.go:553	7C37B6CF-1970-4F23-8C9C-9033BBF67FA8, discover not ready, sleep 1s to wait discover ready to report config
2023-04-26 14:18:16.962391Z	info	statReport	monitor/stat_monitor.go:553	1FCE7A01-FB28-42B3-82C6-0C238CF9860F, discover not ready, sleep 1s to wait discover ready to report config
